<?xml version="1.0" encoding="UTF-8"?>
<!-- Generated by org.testng.reporters.JUnitXMLReporter -->
<testsuite hostname="EVT02094NB" ignored="0" name="Default test" tests="3" failures="0" timestamp="09 Kas 2021 11:47:59 GMT" time="7.751" errors="0">
  <testcase name="testConnection" time="2.666" classname="seleniumTest.SeleniumTest"/>
  <testcase name="testFindOwner" time="0.302" classname="seleniumTest.SeleniumTest"/>
  <testcase name="testFindVeterinarians" time="0.482" classname="seleniumTest.SeleniumTest"/>
</testsuite> <!-- Default test -->
