<?xml version="1.0" encoding="UTF-8"?>
<testng-results skipped="0" failed="0" ignored="0" total="1" passed="1">
  <reporter-output>
  </reporter-output>
  <suite name="Default suite" duration-ms="23708" started-at="2021-11-10T12:10:42Z" finished-at="2021-11-10T12:11:06Z">
    <groups>
      <group name="cucumber">
        <method signature="AbstractTestNGCucumberTests.runScenario(io.cucumber.testng.PickleWrapper, io.cucumber.testng.FeatureWrapper)[pri:0, instance:cucumberTest.MainTestRunnerTest@6107227e]" name="runScenario" class="io.cucumber.testng.AbstractTestNGCucumberTests"/>
      </group> <!-- cucumber -->
    </groups>
    <test name="Default test" duration-ms="23708" started-at="2021-11-10T12:10:42Z" finished-at="2021-11-10T12:11:06Z">
      <class name="cucumberTest.MainTestRunnerTest">
        <test-method status="PASS" signature="setUpClass(org.testng.ITestContext)[pri:0, instance:cucumberTest.MainTestRunnerTest@6107227e]" name="setUpClass" is-config="true" duration-ms="1061" started-at="2021-11-10T12:10:42Z" finished-at="2021-11-10T12:10:43Z">
          <params>
            <param index="0">
              <value>
                <![CDATA[org.testng.TestRunner@76304b46]]>
              </value>
            </param>
          </params>
          <reporter-output>
          </reporter-output>
        </test-method> <!-- setUpClass -->
        <test-method status="PASS" signature="runScenario(io.cucumber.testng.PickleWrapper, io.cucumber.testng.FeatureWrapper)[pri:0, instance:cucumberTest.MainTestRunnerTest@6107227e]" name="runScenario" duration-ms="22544" started-at="2021-11-10T12:10:44Z" description="Runs Cucumber Scenarios" data-provider="scenarios" finished-at="2021-11-10T12:11:06Z">
          <params>
            <param index="0">
              <value>
                <![CDATA["Find Owner"]]>
              </value>
            </param>
            <param index="1">
              <value>
                <![CDATA["Optional[Pet Clinic]"]]>
              </value>
            </param>
          </params>
          <reporter-output>
          </reporter-output>
        </test-method> <!-- runScenario -->
        <test-method status="PASS" signature="tearDownClass()[pri:0, instance:cucumberTest.MainTestRunnerTest@6107227e]" name="tearDownClass" is-config="true" duration-ms="28" started-at="2021-11-10T12:11:06Z" finished-at="2021-11-10T12:11:06Z">
          <reporter-output>
          </reporter-output>
        </test-method> <!-- tearDownClass -->
      </class> <!-- cucumberTest.MainTestRunnerTest -->
    </test> <!-- Default test -->
  </suite> <!-- Default suite -->
</testng-results>
