<?xml version="1.0" encoding="UTF-8"?>
<testng-results skipped="0" failed="0" ignored="0" total="3" passed="3">
  <reporter-output>
  </reporter-output>
  <suite name="Default suite" duration-ms="7751" started-at="2021-11-09T11:47:51Z" finished-at="2021-11-09T11:47:59Z">
    <groups>
    </groups>
    <test name="Default test" duration-ms="7751" started-at="2021-11-09T11:47:51Z" finished-at="2021-11-09T11:47:59Z">
      <class name="seleniumTest.SeleniumTest">
        <test-method status="PASS" signature="beforeClass()[pri:0, instance:seleniumTest.SeleniumTest@240237d2]" name="beforeClass" is-config="true" duration-ms="4242" started-at="2021-11-09T11:47:51Z" finished-at="2021-11-09T11:47:56Z">
          <reporter-output>
          </reporter-output>
        </test-method> <!-- beforeClass -->
        <test-method status="PASS" signature="testConnection()[pri:0, instance:seleniumTest.SeleniumTest@240237d2]" name="testConnection" duration-ms="2666" started-at="2021-11-09T11:47:56Z" finished-at="2021-11-09T11:47:58Z">
          <reporter-output>
          </reporter-output>
        </test-method> <!-- testConnection -->
        <test-method status="PASS" signature="testFindOwner()[pri:0, instance:seleniumTest.SeleniumTest@240237d2]" name="testFindOwner" duration-ms="302" started-at="2021-11-09T11:47:58Z" finished-at="2021-11-09T11:47:59Z">
          <reporter-output>
          </reporter-output>
        </test-method> <!-- testFindOwner -->
        <test-method status="PASS" signature="testFindVeterinarians()[pri:0, instance:seleniumTest.SeleniumTest@240237d2]" name="testFindVeterinarians" duration-ms="482" started-at="2021-11-09T11:47:59Z" finished-at="2021-11-09T11:47:59Z">
          <reporter-output>
          </reporter-output>
        </test-method> <!-- testFindVeterinarians -->
      </class> <!-- seleniumTest.SeleniumTest -->
    </test> <!-- Default test -->
  </suite> <!-- Default suite -->
</testng-results>
